\BOOKMARK [1][-]{section*.1}{Abstract}{}% 1
\BOOKMARK [1][-]{section*.2}{Acknowledgments}{}% 2
\BOOKMARK [1][-]{section*.4}{List of Tables}{}% 3
\BOOKMARK [1][-]{section*.5}{List of Figures}{}% 4
\BOOKMARK [1][-]{section*.6}{Glossary}{}% 5
\BOOKMARK [1][-]{section.0.1}{Introduction}{}% 6
\BOOKMARK [2][-]{subsection.0.1.1}{Background}{section.0.1}% 7
\BOOKMARK [2][-]{subsection.0.1.2}{Similar Systems}{section.0.1}% 8
\BOOKMARK [3][-]{subsubsection.0.1.2.1}{Minecraft}{subsection.0.1.2}% 9
\BOOKMARK [3][-]{subsubsection.0.1.2.2}{Medieval Fantasy City Generator\(MFCG\)}{subsection.0.1.2}% 10
\BOOKMARK [3][-]{subsubsection.0.1.2.3}{Azgaar's Fantasy Map Generator\(FMG\)}{subsection.0.1.2}% 11
\BOOKMARK [2][-]{subsection.0.1.3}{Project Goal}{section.0.1}% 12
\BOOKMARK [1][-]{section.0.2}{Requirements}{}% 13
\BOOKMARK [2][-]{subsection.0.2.1}{Overview}{section.0.2}% 14
\BOOKMARK [2][-]{subsection.0.2.2}{Functional Requirements}{section.0.2}% 15
\BOOKMARK [2][-]{subsection.0.2.3}{Non-Functional Requirements}{section.0.2}% 16
\BOOKMARK [2][-]{subsection.0.2.4}{Selection of Software Development Life Cycle Model}{section.0.2}% 17
\BOOKMARK [1][-]{section.0.3}{Design}{}% 18
\BOOKMARK [2][-]{subsection.0.3.1}{Architecture Design}{section.0.3}% 19
\BOOKMARK [3][-]{subsubsection.0.3.1.1}{Web Browser or Client}{subsection.0.3.1}% 20
\BOOKMARK [3][-]{subsubsection.0.3.1.2}{Web Application Server}{subsection.0.3.1}% 21
\BOOKMARK [3][-]{subsubsection.0.3.1.3}{Database Server}{subsection.0.3.1}% 22
\BOOKMARK [2][-]{subsection.0.3.2}{Database Design}{section.0.3}% 23
\BOOKMARK [2][-]{subsection.0.3.3}{REST API Design}{section.0.3}% 24
\BOOKMARK [2][-]{subsection.0.3.4}{Map Generator Design}{section.0.3}% 25
\BOOKMARK [3][-]{subsubsection.0.3.4.1}{Canvas and SVG}{subsection.0.3.4}% 26
\BOOKMARK [3][-]{subsubsection.0.3.4.2}{Graphics Libraries}{subsection.0.3.4}% 27
\BOOKMARK [3][-]{subsubsection.0.3.4.3}{Map}{subsection.0.3.4}% 28
\BOOKMARK [1][-]{section.0.4}{Implementation}{}% 29
\BOOKMARK [2][-]{subsection.0.4.1}{Frontend}{section.0.4}% 30
\BOOKMARK [3][-]{subsubsection.0.4.1.1}{Overview of Frontend Folder Structure}{subsection.0.4.1}% 31
\BOOKMARK [3][-]{subsubsection.0.4.1.2}{GUI Implementation}{subsection.0.4.1}% 32
\BOOKMARK [2][-]{subsection.0.4.2}{Backend}{section.0.4}% 33
\BOOKMARK [2][-]{subsection.0.4.3}{Map Generator}{section.0.4}% 34
\BOOKMARK [3][-]{subsubsection.0.4.3.1}{Polygons}{subsection.0.4.3}% 35
\BOOKMARK [3][-]{subsubsection.0.4.3.2}{Elevation}{subsection.0.4.3}% 36
\BOOKMARK [3][-]{subsubsection.0.4.3.3}{Contour Lines}{subsection.0.4.3}% 37
\BOOKMARK [3][-]{subsubsection.0.4.3.4}{Warp Tool}{subsection.0.4.3}% 38
\BOOKMARK [3][-]{subsubsection.0.4.3.5}{Layers}{subsection.0.4.3}% 39
\BOOKMARK [3][-]{subsubsection.0.4.3.6}{City Wall}{subsection.0.4.3}% 40
\BOOKMARK [3][-]{subsubsection.0.4.3.7}{Types}{subsection.0.4.3}% 41
\BOOKMARK [3][-]{subsubsection.0.4.3.8}{Blocks}{subsection.0.4.3}% 42
\BOOKMARK [3][-]{subsubsection.0.4.3.9}{Streets}{subsection.0.4.3}% 43
\BOOKMARK [3][-]{subsubsection.0.4.3.10}{Buildings and Details}{subsection.0.4.3}% 44
\BOOKMARK [3][-]{subsubsection.0.4.3.11}{Graph Data Structure}{subsection.0.4.3}% 45
\BOOKMARK [1][-]{section.0.5}{Testing}{}% 46
\BOOKMARK [2][-]{subsection.0.5.1}{Functional Testing}{section.0.5}% 47
\BOOKMARK [2][-]{subsection.0.5.2}{Usability Testing}{section.0.5}% 48
\BOOKMARK [2][-]{subsection.0.5.3}{Interface Testing}{section.0.5}% 49
\BOOKMARK [2][-]{subsection.0.5.4}{Compatibility Testing}{section.0.5}% 50
\BOOKMARK [2][-]{subsection.0.5.5}{Performance Testing}{section.0.5}% 51
\BOOKMARK [2][-]{subsection.0.5.6}{Security Testing}{section.0.5}% 52
\BOOKMARK [1][-]{section.0.6}{Conclusion}{}% 53
\BOOKMARK [1][-]{section.0.7}{References}{}% 54
\BOOKMARK [1][-]{section.0.8}{Appendices}{}% 55
