This is pdfTeX, Version 3.14159265-2.6-1.40.19 (TeX Live 2018) (preloaded format=pdflatex 2019.4.16)  28 APR 2019 20:15
entering extended mode
 restricted \write18 enabled.
 file:line:error style messages enabled.
 %&-line parsing enabled.
**capstone.tex
(./capstone.tex
LaTeX2e <2018-04-01> patch level 2
Babel <3.18> and hyphenation patterns for 84 language(s) loaded.
(/usr/local/texlive/2018/texmf-dist/tex/latex/base/report.cls
Document Class: report 2014/09/29 v1.4h Standard LaTeX document class
(/usr/local/texlive/2018/texmf-dist/tex/latex/base/size12.clo
File: size12.clo 2014/09/29 v1.4h Standard LaTeX file (size option)
)
\c@part=\count80
\c@chapter=\count81
\c@section=\count82
\c@subsection=\count83
\c@subsubsection=\count84
\c@paragraph=\count85
\c@subparagraph=\count86
\c@figure=\count87
\c@table=\count88
\abovecaptionskip=\skip41
\belowcaptionskip=\skip42
\bibindent=\dimen102
) (/usr/local/texlive/2018/texmf-dist/tex/latex/geometry/geometry.sty
Package: geometry 2018/03/24 v5.7 Page Geometry
 (/usr/local/texlive/2018/texmf-dist/tex/latex/graphics/keyval.sty
Package: keyval 2014/10/28 v1.15 key=value parser (DPC)
\KV@toks@=\toks14
) (/usr/local/texlive/2018/texmf-dist/tex/generic/oberdiek/ifpdf.sty
Package: ifpdf 2017/03/15 v3.2 Provides the ifpdf switch
) (/usr/local/texlive/2018/texmf-dist/tex/generic/oberdiek/ifvtex.sty
Package: ifvtex 2016/05/16 v1.6 Detect VTeX and its facilities (HO)
Package ifvtex Info: VTeX not detected.
) (/usr/local/texlive/2018/texmf-dist/tex/generic/ifxetex/ifxetex.sty
Package: ifxetex 2010/09/12 v0.6 Provides ifxetex conditional
)
\Gm@cnth=\count89
\Gm@cntv=\count90
\c@Gm@tempcnt=\count91
\Gm@bindingoffset=\dimen103
\Gm@wd@mp=\dimen104
\Gm@odd@mp=\dimen105
\Gm@even@mp=\dimen106
\Gm@layoutwidth=\dimen107
\Gm@layoutheight=\dimen108
\Gm@layouthoffset=\dimen109
\Gm@layoutvoffset=\dimen110
\Gm@dimlist=\toks15
) (/usr/local/texlive/2018/texmf-dist/tex/latex/fancyhdr/fancyhdr.sty
Package: fancyhdr 2017/06/30 v3.9a Extensive control of page headers and footers
\f@nch@headwidth=\skip43
\f@nch@O@elh=\skip44
\f@nch@O@erh=\skip45
\f@nch@O@olh=\skip46
\f@nch@O@orh=\skip47
\f@nch@O@elf=\skip48
\f@nch@O@erf=\skip49
\f@nch@O@olf=\skip50
\f@nch@O@orf=\skip51
) (/usr/local/texlive/2018/texmf-dist/tex/latex/tocloft/tocloft.sty
Package: tocloft 2017/08/31 v2.3i parameterised ToC, etc., typesetting
Package tocloft Info: The document has chapter divisions on input line 51.
\cftparskip=\skip52
\cftbeforetoctitleskip=\skip53
\cftaftertoctitleskip=\skip54
\cftbeforepartskip=\skip55
\cftpartnumwidth=\skip56
\cftpartindent=\skip57
\cftbeforechapskip=\skip58
\cftchapindent=\skip59
\cftchapnumwidth=\skip60
\cftbeforesecskip=\skip61
\cftsecindent=\skip62
\cftsecnumwidth=\skip63
\cftbeforesubsecskip=\skip64
\cftsubsecindent=\skip65
\cftsubsecnumwidth=\skip66
\cftbeforesubsubsecskip=\skip67
\cftsubsubsecindent=\skip68
\cftsubsubsecnumwidth=\skip69
\cftbeforeparaskip=\skip70
\cftparaindent=\skip71
\cftparanumwidth=\skip72
\cftbeforesubparaskip=\skip73
\cftsubparaindent=\skip74
\cftsubparanumwidth=\skip75
\cftbeforeloftitleskip=\skip76
\cftafterloftitleskip=\skip77
\cftbeforefigskip=\skip78
\cftfigindent=\skip79
\cftfignumwidth=\skip80
\c@lofdepth=\count92
\c@lotdepth=\count93
\cftbeforelottitleskip=\skip81
\cftafterlottitleskip=\skip82
\cftbeforetabskip=\skip83
\cfttabindent=\skip84
\cfttabnumwidth=\skip85
) (/usr/local/texlive/2018/texmf-dist/tex/latex/natbib/natbib.sty
Package: natbib 2010/09/13 8.31b (PWD, AO)
\bibhang=\skip86
\bibsep=\skip87
LaTeX Info: Redefining \cite on input line 694.
\c@NAT@ctr=\count94
) (/usr/local/texlive/2018/texmf-dist/tex/latex/url/url.sty
\Urlmuskip=\muskip10
Package: url 2013/09/16  ver 3.4  Verb mode for urls, etc.
) (/usr/local/texlive/2018/texmf-dist/tex/latex/graphics/graphicx.sty
Package: graphicx 2017/06/01 v1.1a Enhanced LaTeX Graphics (DPC,SPQR)
 (/usr/local/texlive/2018/texmf-dist/tex/latex/graphics/graphics.sty
Package: graphics 2017/06/25 v1.2c Standard LaTeX Graphics (DPC,SPQR)
 (/usr/local/texlive/2018/texmf-dist/tex/latex/graphics/trig.sty
Package: trig 2016/01/03 v1.10 sin cos tan (DPC)
) (/usr/local/texlive/2018/texmf-dist/tex/latex/graphics-cfg/graphics.cfg
File: graphics.cfg 2016/06/04 v1.11 sample graphics configuration
)
Package graphics Info: Driver file: pdftex.def on input line 99.

(/usr/local/texlive/2018/texmf-dist/tex/latex/graphics-def/pdftex.def
File: pdftex.def 2018/01/08 v1.0l Graphics/color driver for pdftex
))
\Gin@req@height=\dimen111
\Gin@req@width=\dimen112
) (/usr/local/texlive/2018/texmf-dist/tex/latex/float/float.sty
Package: float 2001/11/08 v1.3d Float enhancements (AL)
\c@float@type=\count95
\float@exts=\toks16
\float@box=\box26
\@float@everytoks=\toks17
\@floatcapt=\box27
) (/usr/local/texlive/2018/texmf-dist/tex/latex/listings/listings.sty
\lst@mode=\count96
\lst@gtempboxa=\box28
\lst@token=\toks18
\lst@length=\count97
\lst@currlwidth=\dimen113
\lst@column=\count98
\lst@pos=\count99
\lst@lostspace=\dimen114
\lst@width=\dimen115
\lst@newlines=\count100
\lst@lineno=\count101
\lst@maxwidth=\dimen116
 (/usr/local/texlive/2018/texmf-dist/tex/latex/listings/lstmisc.sty
File: lstmisc.sty 2015/06/04 1.6 (Carsten Heinz)
\c@lstnumber=\count102
\lst@skipnumbers=\count103
\lst@framebox=\box29
) (/usr/local/texlive/2018/texmf-dist/tex/latex/listings/listings.cfg
File: listings.cfg 2015/06/04 1.6 listings configuration
))
Package: listings 2015/06/04 1.6 (Carsten Heinz)
 (/usr/local/texlive/2018/texmf-dist/tex/latex/sidecap/sidecap.sty
Package: sidecap 2003/06/06 v1.6f SideCap Package (RN/HjG)
 (/usr/local/texlive/2018/texmf-dist/tex/latex/base/ifthen.sty
Package: ifthen 2014/09/29 v1.1c Standard LaTeX ifthen package (DPC)
)
\SC@BOXWD=\dimen117
\SC@CAPWD=\dimen118
\SC@tempdima=\dimen119
\SC@tempdimb=\dimen120
\c@SC@C=\count104
\SC@BOX=\box30
) (/usr/local/texlive/2018/texmf-dist/tex/latex/wrapfig/wrapfig.sty
\wrapoverhang=\dimen121
\WF@size=\dimen122
\c@WF@wrappedlines=\count105
\WF@box=\box31
\WF@everypar=\toks19
Package: wrapfig 2003/01/31  v 3.6
) (/usr/local/texlive/2018/texmf-dist/tex/latex/caption/caption.sty
Package: caption 2016/02/21 v3.3-144 Customizing captions (AR)
 (/usr/local/texlive/2018/texmf-dist/tex/latex/caption/caption3.sty
Package: caption3 2016/05/22 v1.7-166 caption3 kernel (AR)
Package caption3 Info: TeX engine: e-TeX on input line 67.
\captionmargin=\dimen123
\captionmargin@=\dimen124
\captionwidth=\dimen125
\caption@tempdima=\dimen126
\caption@indent=\dimen127
\caption@parindent=\dimen128
\caption@hangindent=\dimen129
)
\c@ContinuedFloat=\count106
Package caption Info: float package is loaded.
Package caption Info: listings package is loaded.
Package caption Info: sidecap package is loaded.
Package caption Info: wrapfig package is loaded.
) (/usr/local/texlive/2018/texmf-dist/tex/latex/tools/tabularx.sty
Package: tabularx 2016/02/03 v2.11b `tabularx' package (DPC)
 (/usr/local/texlive/2018/texmf-dist/tex/latex/tools/array.sty
Package: array 2018/04/07 v2.4g Tabular extension package (FMi)
\col@sep=\dimen130
\ar@mcellbox=\box32
\extrarowheight=\dimen131
\NC@list=\toks20
\extratabsurround=\skip88
\backup@length=\skip89
\ar@cellbox=\box33
)
\TX@col@width=\dimen132
\TX@old@table=\dimen133
\TX@old@col=\dimen134
\TX@target=\dimen135
\TX@delta=\dimen136
\TX@cols=\count107
\TX@ftn=\toks21
) (/usr/local/texlive/2018/texmf-dist/tex/latex/booktabs/booktabs.sty
Package: booktabs 2016/04/27 v1.618033 publication quality tables
\heavyrulewidth=\dimen137
\lightrulewidth=\dimen138
\cmidrulewidth=\dimen139
\belowrulesep=\dimen140
\belowbottomsep=\dimen141
\aboverulesep=\dimen142
\abovetopsep=\dimen143
\cmidrulesep=\dimen144
\cmidrulekern=\dimen145
\defaultaddspace=\dimen146
\@cmidla=\count108
\@cmidlb=\count109
\@aboverulesep=\dimen147
\@belowrulesep=\dimen148
\@thisruleclass=\count110
\@lastruleclass=\count111
\@thisrulewidth=\dimen149
) (/usr/local/texlive/2018/texmf-dist/tex/latex/setspace/setspace.sty
Package: setspace 2011/12/19 v6.7a set line spacing
)
(/usr/local/texlive/2018/texmf-dist/tex/latex/hyperref/hyperref.sty
Package: hyperref 2018/02/06 v6.86b Hypertext links for LaTeX
 (/usr/local/texlive/2018/texmf-dist/tex/generic/oberdiek/hobsub-hyperref.sty
Package: hobsub-hyperref 2016/05/16 v1.14 Bundle oberdiek, subset hyperref (HO)
 (/usr/local/texlive/2018/texmf-dist/tex/generic/oberdiek/hobsub-generic.sty
Package: hobsub-generic 2016/05/16 v1.14 Bundle oberdiek, subset generic (HO)
Package: hobsub 2016/05/16 v1.14 Construct package bundles (HO)
Package: infwarerr 2016/05/16 v1.4 Providing info/warning/error messages (HO)
Package: ltxcmds 2016/05/16 v1.23 LaTeX kernel commands for general use (HO)
Package: ifluatex 2016/05/16 v1.4 Provides the ifluatex switch (HO)
Package ifluatex Info: LuaTeX not detected.
Package hobsub Info: Skipping package `ifvtex' (already loaded).
Package: intcalc 2016/05/16 v1.2 Expandable calculations with integers (HO)
Package hobsub Info: Skipping package `ifpdf' (already loaded).
Package: etexcmds 2016/05/16 v1.6 Avoid name clashes with e-TeX commands (HO)
Package etexcmds Info: Could not find \expanded.
(etexcmds)             That can mean that you are not using pdfTeX 1.50 or
(etexcmds)             that some package has redefined \expanded.
(etexcmds)             In the latter case, load this package earlier.
Package: kvsetkeys 2016/05/16 v1.17 Key value parser (HO)
Package: kvdefinekeys 2016/05/16 v1.4 Define keys (HO)
Package: pdftexcmds 2018/01/30 v0.27 Utility functions of pdfTeX for LuaTeX (HO)
Package pdftexcmds Info: LuaTeX not detected.
Package pdftexcmds Info: \pdf@primitive is available.
Package pdftexcmds Info: \pdf@ifprimitive is available.
Package pdftexcmds Info: \pdfdraftmode found.
Package: pdfescape 2016/05/16 v1.14 Implements pdfTeX's escape features (HO)
Package: bigintcalc 2016/05/16 v1.4 Expandable calculations on big integers (HO)
Package: bitset 2016/05/16 v1.2 Handle bit-vector datatype (HO)
Package: uniquecounter 2016/05/16 v1.3 Provide unlimited unique counter (HO)
)
Package hobsub Info: Skipping package `hobsub' (already loaded).
Package: letltxmacro 2016/05/16 v1.5 Let assignment for LaTeX macros (HO)
Package: hopatch 2016/05/16 v1.3 Wrapper for package hooks (HO)
Package: xcolor-patch 2016/05/16 xcolor patch
Package: atveryend 2016/05/16 v1.9 Hooks at the very end of document (HO)
Package atveryend Info: \enddocument detected (standard20110627).
Package: atbegshi 2016/06/09 v1.18 At begin shipout hook (HO)
Package: refcount 2016/05/16 v3.5 Data extraction from label references (HO)
Package: hycolor 2016/05/16 v1.8 Color options for hyperref/bookmark (HO)
) (/usr/local/texlive/2018/texmf-dist/tex/latex/oberdiek/auxhook.sty
Package: auxhook 2016/05/16 v1.4 Hooks for auxiliary files (HO)
) (/usr/local/texlive/2018/texmf-dist/tex/latex/oberdiek/kvoptions.sty
Package: kvoptions 2016/05/16 v3.12 Key value format for package options (HO)
)
\@linkdim=\dimen150
\Hy@linkcounter=\count112
\Hy@pagecounter=\count113
 (/usr/local/texlive/2018/texmf-dist/tex/latex/hyperref/pd1enc.def
File: pd1enc.def 2018/02/06 v6.86b Hyperref: PDFDocEncoding definition (HO)
Now handling font encoding PD1 ...
... no UTF-8 mapping file for font encoding PD1
)
\Hy@SavedSpaceFactor=\count114
 (/usr/local/texlive/2018/texmf-dist/tex/latex/latexconfig/hyperref.cfg
File: hyperref.cfg 2002/06/06 v1.2 hyperref configuration of TeXLive
)
Package hyperref Info: Hyper figures OFF on input line 4509.
Package hyperref Info: Link nesting OFF on input line 4514.
Package hyperref Info: Hyper index ON on input line 4517.
Package hyperref Info: Plain pages OFF on input line 4524.
Package hyperref Info: Backreferencing OFF on input line 4529.
Package hyperref Info: Implicit mode ON; LaTeX internals redefined.
Package hyperref Info: Bookmarks ON on input line 4762.
\c@Hy@tempcnt=\count115
LaTeX Info: Redefining \url on input line 5115.
\XeTeXLinkMargin=\dimen151
\Fld@menulength=\count116
\Field@Width=\dimen152
\Fld@charsize=\dimen153
Package hyperref Info: Hyper figures OFF on input line 6369.
Package hyperref Info: Link nesting OFF on input line 6374.
Package hyperref Info: Hyper index ON on input line 6377.
Package hyperref Info: backreferencing OFF on input line 6384.
Package hyperref Info: Link coloring OFF on input line 6389.
Package hyperref Info: Link coloring with OCG OFF on input line 6394.
Package hyperref Info: PDF/A mode OFF on input line 6399.
LaTeX Info: Redefining \ref on input line 6439.
LaTeX Info: Redefining \pageref on input line 6443.
\Hy@abspage=\count117
\c@Item=\count118
\c@Hfootnote=\count119
)
Package hyperref Info: Driver (autodetected): hpdftex.
 (/usr/local/texlive/2018/texmf-dist/tex/latex/hyperref/hpdftex.def
File: hpdftex.def 2018/02/06 v6.86b Hyperref driver for pdfTeX
\Fld@listcount=\count120
\c@bookmark@seq@number=\count121
 (/usr/local/texlive/2018/texmf-dist/tex/latex/oberdiek/rerunfilecheck.sty
Package: rerunfilecheck 2016/05/16 v1.8 Rerun checks for auxiliary files (HO)
Package uniquecounter Info: New unique counter `rerunfilecheck' on input line 282.
)
\Hy@SectionHShift=\skip90
) (/usr/local/texlive/2018/texmf-dist/tex/latex/oberdiek/hypcap.sty
Package: hypcap 2016/05/16 v1.12 Adjusting the anchors of captions (HO)
) (/usr/local/texlive/2018/texmf-dist/tex/latex/qtree/qtree.sty
Package: 2008/12/12 v.3.1bQtree: tree-drawing for linguistics
Package: qtree 2008/12/12 v.3.1bQtree: tree-drawing for linguistics
(/usr/local/texlive/2018/texmf-dist/tex/latex/pict2e/pict2e.sty
Package: pict2e 2016/02/05 v0.3b Improved picture commands (HjG,RN,JT)
 (/usr/local/texlive/2018/texmf-dist/tex/latex/pict2e/pict2e.cfg
File: pict2e.cfg 2016/02/05 v0.1u pict2e configuration for teTeX/TeXLive
)
Package pict2e Info: Driver file: pdftex.def on input line 119.
Package pict2e Info: Driver file for pict2e: p2e-pdftex.def on input line 121.
 (/usr/local/texlive/2018/texmf-dist/tex/latex/pict2e/p2e-pdftex.def
File: p2e-pdftex.def 2016/02/05 v0.1u Driver-dependant file (RN,HjG,JT)
)
\pIIe@GRAPH=\toks22
\@arclen=\dimen154
\@arcrad=\dimen155
\@tempdimd=\dimen156
)
\c@treecount=\count122
\c@branchcount=\count123
\parentbox=\box34
\treebox=\box35
\treeboxone=\box36
\treeboxtwo=\box37
\treeboxthree=\box38
\treeboxfour=\box39
\treeboxfive=\box40
\treeboxsix=\box41
\treeboxseven=\box42
\treeboxeight=\box43
\treeboxnine=\box44
\treeboxten=\box45
\treeboxeleven=\box46
\treeboxtwelve=\box47
\treeboxthirteen=\box48
\treeboxfourteen=\box49
\treeboxfifteen=\box50
\treeboxsixteen=\box51
\treeboxseventeen=\box52
\treeboxeighteen=\box53
\treeboxnineteen=\box54
\treeboxtwenty=\box55
\treeoffsetone=\skip91
\treeoffsettwo=\skip92
\treeoffsetthree=\skip93
\treeoffsetfour=\skip94
\treeoffsetfive=\skip95
\treeoffsetsix=\skip96
\treeoffsetseven=\skip97
\treeoffseteight=\skip98
\treeoffsetnine=\skip99
\treeoffsetten=\skip100
\treeoffseteleven=\skip101
\treeoffsettwelve=\skip102
\treeoffsetthirteen=\skip103
\treeoffsetfourteen=\skip104
\treeoffsetfifteen=\skip105
\treeoffsetsixteen=\skip106
\treeoffsetseventeen=\skip107
\treeoffseteighteen=\skip108
\treeoffsetnineteen=\skip109
\treeoffsettwenty=\skip110
\treeshiftone=\skip111
\treeshifttwo=\skip112
\treeshiftthree=\skip113
\treeshiftfour=\skip114
\treeshiftfive=\skip115
\treeshiftsix=\skip116
\treeshiftseven=\skip117
\treeshifteight=\skip118
\treeshiftnine=\skip119
\treeshiftten=\skip120
\treeshifteleven=\skip121
\treeshifttwelve=\skip122
\treeshiftthirteen=\skip123
\treeshiftfourteen=\skip124
\treeshiftfifteen=\skip125
\treeshiftsixteen=\skip126
\treeshiftseventeen=\skip127
\treeshifteighteen=\skip128
\treeshiftnineteen=\skip129
\treeshifttwenty=\skip130
\treewidthone=\skip131
\treewidthtwo=\skip132
\treewidththree=\skip133
\treewidthfour=\skip134
\treewidthfive=\skip135
\treewidthsix=\skip136
\treewidthseven=\skip137
\treewidtheight=\skip138
\treewidthnine=\skip139
\treewidthten=\skip140
\treewidtheleven=\skip141
\treewidthtwelve=\skip142
\treewidththirteen=\skip143
\treewidthfourteen=\skip144
\treewidthfifteen=\skip145
\treewidthsixteen=\skip146
\treewidthseventeen=\skip147
\treewidtheighteen=\skip148
\treewidthnineteen=\skip149
\treewidthtwenty=\skip150
\daughteroffsetone=\skip151
\daughteroffsettwo=\skip152
\daughteroffsetthree=\skip153
\daughteroffsetfour=\skip154
\branchwidthone=\skip155
\branchwidthtwo=\skip156
\branchwidththree=\skip157
\branchwidthfour=\skip158
\parentoffset=\skip159
\treeoffset=\skip160
\daughteroffset=\skip161
\branchwidth=\skip162
\parentwidth=\skip163
\treewidth=\skip164
\qta=\toks23
\qtb=\toks24
\nbranches=\count124
\qroofx=\count125
\qroofy=\count126
\@qrscratchbox=\box56
) (/usr/local/texlive/2018/texmf-dist/tex/latex/algorithms/algorithm.sty
Package: algorithm 2009/08/24 v0.1 Document Style `algorithm' - floating environment
\@float@every@algorithm=\toks25
\c@algorithm=\count127
) (/usr/local/texlive/2018/texmf-dist/tex/latex/algorithms/algorithmic.sty
Package: algorithmic 2009/08/24 v0.1 Document Style `algorithmic'
\c@ALC@unique=\count128
\c@ALC@line=\count129
\c@ALC@rem=\count130
\c@ALC@depth=\count131
\ALC@tlm=\skip165
\algorithmicindent=\skip166
)
Package hyperref Info: Option `colorlinks' set `false' on input line 23.
 (./capstone.aux)
\openout1 = `capstone.aux'.

LaTeX Font Info:    Checking defaults for OML/cmm/m/it on input line 40.
LaTeX Font Info:    ... okay on input line 40.
LaTeX Font Info:    Checking defaults for T1/cmr/m/n on input line 40.
LaTeX Font Info:    ... okay on input line 40.
LaTeX Font Info:    Checking defaults for OT1/cmr/m/n on input line 40.
LaTeX Font Info:    ... okay on input line 40.
LaTeX Font Info:    Checking defaults for OMS/cmsy/m/n on input line 40.
LaTeX Font Info:    ... okay on input line 40.
LaTeX Font Info:    Checking defaults for OMX/cmex/m/n on input line 40.
LaTeX Font Info:    ... okay on input line 40.
LaTeX Font Info:    Checking defaults for U/cmr/m/n on input line 40.
LaTeX Font Info:    ... okay on input line 40.
LaTeX Font Info:    Checking defaults for PD1/pdf/m/n on input line 40.
LaTeX Font Info:    ... okay on input line 40.

*geometry* driver: auto-detecting
*geometry* detected driver: pdftex
*geometry* verbose mode - [ preamble ] result:
* driver: pdftex
* paper: letterpaper
* layout: <same size as paper>
* layoutoffset:(h,v)=(0.0pt,0.0pt)
* modes: 
* h-part:(L,W,R)=(108.405pt, 397.485pt, 108.405pt)
* v-part:(T,H,B)=(72.26999pt, 650.43001pt, 72.26999pt)
* \paperwidth=614.295pt
* \paperheight=794.96999pt
* \textwidth=397.485pt
* \textheight=650.43001pt
* \oddsidemargin=36.13501pt
* \evensidemargin=36.13501pt
* \topmargin=-37.0pt
* \headheight=12.0pt
* \headsep=25.0pt
* \topskip=12.0pt
* \footskip=30.0pt
* \marginparwidth=44.0pt
* \marginparsep=10.0pt
* \columnsep=10.0pt
* \skip\footins=10.8pt plus 4.0pt minus 2.0pt
* \hoffset=0.0pt
* \voffset=0.0pt
* \mag=1000
* \@twocolumnfalse
* \@twosidefalse
* \@mparswitchfalse
* \@reversemarginfalse
* (1in=72.27pt=25.4mm, 1cm=28.453pt)

(/usr/local/texlive/2018/texmf-dist/tex/context/base/mkii/supp-pdf.mkii
[Loading MPS to PDF converter (version 2006.09.02).]
\scratchcounter=\count132
\scratchdimen=\dimen157
\scratchbox=\box57
\nofMPsegments=\count133
\nofMParguments=\count134
\everyMPshowfont=\toks26
\MPscratchCnt=\count135
\MPscratchDim=\dimen158
\MPnumerator=\count136
\makeMPintoPDFobject=\count137
\everyMPtoPDFconversion=\toks27
) (/usr/local/texlive/2018/texmf-dist/tex/latex/oberdiek/epstopdf-base.sty
Package: epstopdf-base 2016/05/15 v2.6 Base part for package epstopdf
 (/usr/local/texlive/2018/texmf-dist/tex/latex/oberdiek/grfext.sty
Package: grfext 2016/05/16 v1.2 Manage graphics extensions (HO)
)
Package epstopdf-base Info: Redefining graphics rule for `.eps' on input line 438.
Package grfext Info: Graphics extension search list:
(grfext)             [.pdf,.png,.jpg,.mps,.jpeg,.jbig2,.jb2,.PDF,.PNG,.JPG,.JPEG,.JBIG2,.JB2,.eps]
(grfext)             \AppendGraphicsExtensions on input line 456.
 (/usr/local/texlive/2018/texmf-dist/tex/latex/latexconfig/epstopdf-sys.cfg
File: epstopdf-sys.cfg 2010/07/13 v1.3 Configuration of (r)epstopdf for TeX Live
))
\c@lstlisting=\count138
 (/usr/local/texlive/2018/texmf-dist/tex/latex/ms/ragged2e.sty
Package: ragged2e 2009/05/21 v2.1 ragged2e Package (MS)
 (/usr/local/texlive/2018/texmf-dist/tex/latex/ms/everysel.sty
Package: everysel 2011/10/28 v1.2 EverySelectfont Package (MS)
 ABD: EverySelectfont initializing macros
LaTeX Info: Redefining \selectfont on input line 126.
)
\CenteringLeftskip=\skip167
\RaggedLeftLeftskip=\skip168
\RaggedRightLeftskip=\skip169
\CenteringRightskip=\skip170
\RaggedLeftRightskip=\skip171
\RaggedRightRightskip=\skip172
\CenteringParfillskip=\skip173
\RaggedLeftParfillskip=\skip174
\RaggedRightParfillskip=\skip175
\JustifyingParfillskip=\skip176
\CenteringParindent=\skip177
\RaggedLeftParindent=\skip178
\RaggedRightParindent=\skip179
\JustifyingParindent=\skip180
)
Package caption Info: Begin \AtBeginDocument code.
Package caption Info: hyperref package is loaded.
Package caption Info: hypcap package is loaded.
Package caption Info: End \AtBeginDocument code.
\AtBeginShipoutBox=\box58
Package hyperref Info: Link coloring OFF on input line 40.
 (/usr/local/texlive/2018/texmf-dist/tex/latex/hyperref/nameref.sty
Package: nameref 2016/05/21 v2.44 Cross-referencing by name of section
 (/usr/local/texlive/2018/texmf-dist/tex/generic/oberdiek/gettitlestring.sty
Package: gettitlestring 2016/05/16 v1.5 Cleanup title references (HO)
)
\c@section@level=\count139
)
LaTeX Info: Redefining \ref on input line 40.
LaTeX Info: Redefining \pageref on input line 40.
LaTeX Info: Redefining \nameref on input line 40.
 (./capstone.out) (./capstone.out)
\@outlinefile=\write3
\openout3 = `capstone.out'.

Package hyperref Info: Option `pageanchor' set `false' on input line 42.
 (./cover.tex [1

{/usr/local/texlive/2018/texmf-var/fonts/map/pdftex/updmap/pdftex.map}]) (./signature.tex
Underfull \hbox (badness 10000) in paragraph at lines 10--11

 []

)
Underfull \hbox (badness 10000) in paragraph at lines 12--49

 []

[1

]
Package hyperref Info: Option `pageanchor' set `true' on input line 51.

Underfull \hbox (badness 10000) in paragraph at lines 59--60

 []

[1

] [2

] (./capstone.toc)
\tf@toc=\write4
\openout4 = `capstone.toc'.

 [3

] (./capstone.lot)
\tf@lot=\write5
\openout5 = `capstone.lot'.

 [4

] (./capstone.lof)
\tf@lof=\write6
\openout6 = `capstone.lof'.

 [5

] (./glossary.tex) [6

] (./section01/section.tex
<section01/assets/screenshot_NoManSky.jpg, id=188, 1927.2pt x 1084.05pt>
File: section01/assets/screenshot_NoManSky.jpg Graphic file (type jpg)
<use section01/assets/screenshot_NoManSky.jpg>
Package pdftex.def Info: section01/assets/screenshot_NoManSky.jpg  used on input line 9.
(pdftex.def)             Requested size: 397.485pt x 223.57153pt.
<section01/assets/screenshot_Minecraft.jpg, id=190, 1165.35374pt x 712.6625pt>
File: section01/assets/screenshot_Minecraft.jpg Graphic file (type jpg)
<use section01/assets/screenshot_Minecraft.jpg>
Package pdftex.def Info: section01/assets/screenshot_Minecraft.jpg  used on input line 20.
(pdftex.def)             Requested size: 397.485pt x 243.07413pt.
 [1

 <./section01/assets/screenshot_NoManSky.jpg>]
<section01/assets/screenshot_MFCG.png, id=198, 1445.4pt x 903.375pt>
File: section01/assets/screenshot_MFCG.png Graphic file (type png)
<use section01/assets/screenshot_MFCG.png>
Package pdftex.def Info: section01/assets/screenshot_MFCG.png  used on input line 29.
(pdftex.def)             Requested size: 397.485pt x 248.422pt.
 [2 <./section01/assets/screenshot_Minecraft.jpg>]
<section01/assets/screenshot_FMG.png, id=205, 1443.3925pt x 790.955pt>
File: section01/assets/screenshot_FMG.png Graphic file (type png)
<use section01/assets/screenshot_FMG.png>
Package pdftex.def Info: section01/assets/screenshot_FMG.png  used on input line 38.
(pdftex.def)             Requested size: 397.485pt x 217.80899pt.
LaTeX Font Info:    Try loading font information for OMS+cmr on input line 45.
 (/usr/local/texlive/2018/texmf-dist/tex/latex/base/omscmr.fd
File: omscmr.fd 2014/09/29 v2.5h Standard LaTeX font definitions
)
LaTeX Font Info:    Font shape `OMS/cmr/m/n' in size <12> not available
(Font)              Font shape `OMS/cmsy/m/n' tried instead on input line 45.
 [3 <./section01/assets/screenshot_MFCG.png>]) [4 <./section01/assets/screenshot_FMG.png>] (./section02/section.tex [5

]
Overfull \hbox (2.41982pt too wide) in paragraph at lines 35--36
\OT1/cmr/m/n/12 creas-ing or de-creas-ing the value of el-e-va-tion and af-flu-ence; build-
 []

<section02/assets/use_case.png, id=223, 1099.10625pt x 1315.91624pt>
File: section02/assets/use_case.png Graphic file (type png)
<use section02/assets/use_case.png>
Package pdftex.def Info: section02/assets/use_case.png  used on input line 54.
(pdftex.def)             Requested size: 397.485pt x 475.87798pt.
[6] [7 <./section02/assets/use_case.png>]
Overfull \hbox (6.90681pt too wide) in paragraph at lines 86--87
[]\OT1/cmr/m/n/12 Set the ``HttpOnly'' at-tribute true and pro-hibit-ing the JavaScript
 []


Overfull \hbox (6.34784pt too wide) in paragraph at lines 99--99
[]\OT1/cmr/bx/n/14.4 Selection of Soft-ware De-vel-op-ment Life Cy-cle Model 
 []

[8]
<section02/assets/agile.png, id=238, 1606.0pt x 903.375pt>
File: section02/assets/agile.png Graphic file (type png)
<use section02/assets/agile.png>
Package pdftex.def Info: section02/assets/agile.png  used on input line 110.
(pdftex.def)             Requested size: 397.485pt x 223.58255pt.
 [9 <./section02/assets/agile.png (PNG copy)>]) [10] (./section03/section.tex
<section03/assets/client_server.png, id=248, 1204.5pt x 722.7pt>
File: section03/assets/client_server.png Graphic file (type png)
<use section03/assets/client_server.png>
Package pdftex.def Info: section03/assets/client_server.png  used on input line 9.
(pdftex.def)             Requested size: 397.485pt x 238.49173pt.
 [11

 <./section03/assets/client_server.png>]
Underfull \hbox (badness 10000) in paragraph at lines 67--67
[]|\OT1/cmr/m/n/12 /metro/api/v1/users/\OMS/cmsy/m/n/12 f\OT1/cmr/m/n/12 uid\OMS/cmsy/m/n/12 g\OT1/cmr/m/n/12 /
 []


Underfull \hbox (badness 10000) in paragraph at lines 67--67
[]|\OT1/cmr/m/n/12 /metro/api/v1/users/\OMS/cmsy/m/n/12 f\OT1/cmr/m/n/12 id\OMS/cmsy/m/n/12 g\OT1/cmr/m/n/12 /
 []


Underfull \hbox (badness 10000) in paragraph at lines 67--67
[]|\OT1/cmr/m/n/12 /metro/api/v1/users/\OMS/cmsy/m/n/12 f\OT1/cmr/m/n/12 id\OMS/cmsy/m/n/12 g\OT1/cmr/m/n/12 /
 []


Underfull \hbox (badness 10000) in paragraph at lines 67--67
[]|\OT1/cmr/m/n/12 /metro/api/v1/users/\OMS/cmsy/m/n/12 f\OT1/cmr/m/n/12 id\OMS/cmsy/m/n/12 g\OT1/cmr/m/n/12 /
 []


Underfull \hbox (badness 10000) in paragraph at lines 67--67
[]|\OT1/cmr/m/n/12 /metro/api/v1/users/\OMS/cmsy/m/n/12 f\OT1/cmr/m/n/12 id\OMS/cmsy/m/n/12 g\OT1/cmr/m/n/12 /
 []


Underfull \hbox (badness 10000) in paragraph at lines 67--67
[]|\OT1/cmr/m/n/12 /metro/api/v1/users/\OMS/cmsy/m/n/12 f\OT1/cmr/m/n/12 id\OMS/cmsy/m/n/12 g\OT1/cmr/m/n/12 /
 []


Underfull \hbox (badness 10000) in paragraph at lines 67--67
[]|\OT1/cmr/m/n/12 /metro/api/v1/maps/
 []


Overfull \hbox (2.5225pt too wide) in paragraph at lines 67--67
\OT1/cmr/m/n/12 ?page=\OMS/cmsy/m/n/12 f\OT1/cmr/m/n/12 page\OMS/cmsy/m/n/12 g\OT1/cmr/m/n/12 &limit=\OMS/cmsy/m/n/12 f\OT1/cmr/m/n/12 limit\OMS/cmsy/m/n/12 g| 
 []


Underfull \hbox (badness 3895) in paragraph at lines 67--67
[]|\OT1/cmr/m/n/12 Add a new map to the
 []

) [12] [13] [14

] [15

]
Package atveryend Info: Empty hook `BeforeClearDocument' on input line 110.
Package atveryend Info: Empty hook `AfterLastShipout' on input line 110.
 (./capstone.aux)
Package atveryend Info: Executing hook `AtVeryEndDocument' on input line 110.
Package atveryend Info: Executing hook `AtEndAfterFileList' on input line 110.
Package rerunfilecheck Info: File `capstone.out' has not changed.
(rerunfilecheck)             Checksum: 25E90A93D3A4A05517703279BCC39090;1751.
Package atveryend Info: Empty hook `AtVeryVeryEnd' on input line 110.
 ) 
Here is how much of TeX's memory you used:
 9700 strings out of 492649
 145435 string characters out of 6129622
 260306 words of memory out of 5000000
 13376 multiletter control sequences out of 15000+600000
 10061 words of font info for 35 fonts, out of 8000000 for 9000
 1141 hyphenation exceptions out of 8191
 36i,10n,43p,1323b,503s stack positions out of 5000i,500n,10000p,200000b,80000s
</usr/local/texlive/2018/texmf-dist/fonts/type1/public/amsfonts/cm/cmbx10.pfb></usr/local/texlive/2018/texmf-dist/fonts/type1/public/amsfonts/cm/cmbx12.pfb></usr/local/texlive/2018/texmf-dist/fonts/type1/public/amsfonts/cm/cmr10.pfb></usr/local/texlive/2018/texmf-dist/fonts/type1/public/amsfonts/cm/cmr12.pfb></usr/local/texlive/2018/texmf-dist/fonts/type1/public/amsfonts/cm/cmsy10.pfb></usr/local/texlive/2018/texmf-dist/fonts/type1/public/amsfonts/cm/cmti12.pfb>
Output written on capstone.pdf (23 pages, 3481231 bytes).
PDF statistics:
 309 PDF objects out of 1000 (max. 8388607)
 264 compressed objects within 3 object streams
 58 named destinations out of 1000 (max. 500000)
 244 words of extra memory for PDF output out of 10000 (max. 10000000)

